<?xml version="1.0" encoding="UTF-8"?>
<!-- Generated by org.testng.reporters.JUnitReportReporter -->
<testsuite hostname="DESKTOP-H2C9QEN" failures="0" tests="3" name="PageObjects.EmployeePage" time="54.680" errors="0" timestamp="2024-05-04T12:58:14 IST" skipped="0">
  <testcase classname="PageObjects.EmployeePage" name="addEmployee" time="27.485"/>
  <system-out/>
  <testcase classname="PageObjects.EmployeePage" name="searchEmployeeNyName" time="8.509"/>
  <system-out/>
  <testcase classname="PageObjects.EmployeePage" name="deleteEmployee" time="18.686"/>
  <system-out/>
</testsuite> <!-- PageObjects.EmployeePage -->
