<?xml version="1.0" encoding="UTF-8"?>
<!-- Generated by org.testng.reporters.JUnitReportReporter -->
<testsuite hostname="DESKTOP-H2C9QEN" failures="0" tests="4" name="PageObjects.OrangeHRM" time="57.174" errors="0" timestamp="2024-05-04T12:58:14 IST" skipped="0">
  <testcase classname="PageObjects.OrangeHRM" name="doLoginWithInvalidCredential" time="2.611"/>
  <system-out/>
  <testcase classname="PageObjects.OrangeHRM" name="loginTestWithValidCredential" time="3.447"/>
  <system-out/>
  <testcase classname="PageObjects.OrangeHRM" name="ListEmployees" time="33.140"/>
  <system-out/>
  <testcase classname="PageObjects.OrangeHRM" name="applyLeave" time="17.976"/>
  <system-out/>
</testsuite> <!-- PageObjects.OrangeHRM -->
