<?xml version="1.0" encoding="UTF-8"?>
<!-- Generated by org.testng.reporters.JUnitReportReporter -->
<testsuite hostname="DESKTOP-H2C9QEN" failures="0" tests="4" name="PageObjects.OrangeHRM" time="68.672" errors="0" timestamp="2024-05-04T00:23:33 IST" skipped="0">
  <testcase classname="PageObjects.OrangeHRM" name="doLoginWithInvalidCredential" time="2.923"/>
  <system-out/>
  <testcase classname="PageObjects.OrangeHRM" name="loginTestWithValidCredential" time="4.508"/>
  <system-out/>
  <testcase classname="PageObjects.OrangeHRM" name="ListEmployees" time="38.772"/>
  <system-out/>
  <testcase classname="PageObjects.OrangeHRM" name="applyLeave" time="22.469"/>
  <system-out/>
</testsuite> <!-- PageObjects.OrangeHRM -->
